{
  "uid" : "aaeeb22bd64daae7",
  "name" : "orangeHRM_004_verifyAssignedLeave",
  "fullName" : "OrangeHRMTest.EmployeeLeaveProcessTest.orangeHRM_004_verifyAssignedLeave",
  "historyId" : "1cafa6a9f3d0148f95e97d1fea9c59b3",
  "time" : {
    "start" : 1592403007973,
    "stop" : 1592403059576,
    "duration" : 51603
  },
  "status" : "failed",
  "statusMessage" : "User Could not enter all mandatory field in employee tab or verify validation message.",
  "statusTrace" : "java.lang.AssertionError: User Could not enter all mandatory field in employee tab or verify validation message.\r\n\tat org.testng.Assert.fail(Assert.java:82)\r\n\tat OrangeHRMTest.EmployeeLeaveProcessTest.orangeHRM_004_verifyAssignedLeave_aroundBody8(EmployeeLeaveProcessTest.java:73)\r\n\tat OrangeHRMTest.EmployeeLeaveProcessTest$AjcClosure9.run(EmployeeLeaveProcessTest.java:1)\r\n\tat org.aspectj.runtime.reflect.JoinPointImpl.proceed(JoinPointImpl.java:149)\r\n\tat io.qameta.allure.aspects.StepsAspects.step(StepsAspects.java:46)\r\n\tat OrangeHRMTest.EmployeeLeaveProcessTest.orangeHRM_004_verifyAssignedLeave(EmployeeLeaveProcessTest.java:68)\r\n\tat sun.reflect.NativeMethodAccessorImpl.invoke0(Native Method)\r\n\tat sun.reflect.NativeMethodAccessorImpl.invoke(NativeMethodAccessorImpl.java:62)\r\n\tat sun.reflect.DelegatingMethodAccessorImpl.invoke(DelegatingMethodAccessorImpl.java:43)\r\n\tat java.lang.reflect.Method.invoke(Method.java:498)\r\n\tat org.testng.internal.MethodInvocationHelper.invokeMethod(MethodInvocationHelper.java:108)\r\n\tat org.testng.internal.Invoker.invokeMethod(Invoker.java:661)\r\n\tat org.testng.internal.Invoker.invokeTestMethod(Invoker.java:869)\r\n\tat org.testng.internal.Invoker.invokeTestMethods(Invoker.java:1193)\r\n\tat org.testng.internal.TestMethodWorker.invokeTestMethods(TestMethodWorker.java:126)\r\n\tat org.testng.internal.TestMethodWorker.run(TestMethodWorker.java:109)\r\n\tat org.testng.TestRunner.privateRun(TestRunner.java:744)\r\n\tat org.testng.TestRunner.run(TestRunner.java:602)\r\n\tat org.testng.SuiteRunner.runTest(SuiteRunner.java:380)\r\n\tat org.testng.SuiteRunner.runSequentially(SuiteRunner.java:375)\r\n\tat org.testng.SuiteRunner.privateRun(SuiteRunner.java:340)\r\n\tat org.testng.SuiteRunner.run(SuiteRunner.java:289)\r\n\tat org.testng.SuiteRunnerWorker.runSuite(SuiteRunnerWorker.java:52)\r\n\tat org.testng.SuiteRunnerWorker.run(SuiteRunnerWorker.java:86)\r\n\tat org.testng.TestNG.runSuitesSequentially(TestNG.java:1301)\r\n\tat org.testng.TestNG.runSuitesLocally(TestNG.java:1226)\r\n\tat org.testng.TestNG.runSuites(TestNG.java:1144)\r\n\tat org.testng.TestNG.run(TestNG.java:1115)\r\n\tat com.intellij.rt.testng.IDEARemoteTestNG.run(IDEARemoteTestNG.java:66)\r\n\tat com.intellij.rt.testng.RemoteTestNGStarter.main(RemoteTestNGStarter.java:110)\r\nCaused by: java.lang.NullPointerException\r\n\tat java.util.Objects.requireNonNull(Objects.java:203)\r\n\tat org.openqa.selenium.interactions.Actions.<init>(Actions.java:66)\r\n\tat Utility.Utilities.ActionClassClick(Utilities.java:130)\r\n\tat OrangeHRMPages.EmployeeLeaveProcessPage.clickOnAssignButton(EmployeeLeaveProcessPage.java:422)\r\n\tat OrangeHRMTest.EmployeeLeaveProcessTest.orangeHRM_004_verifyAssignedLeave_aroundBody8(EmployeeLeaveProcessTest.java:68)\r\n\t... 28 more\r\n",
  "flaky" : false,
  "beforeStages" : [ ],
  "testStage" : {
    "status" : "failed",
    "statusMessage" : "User Could not enter all mandatory field in employee tab or verify validation message.",
    "statusTrace" : "java.lang.AssertionError: User Could not enter all mandatory field in employee tab or verify validation message.\r\n\tat org.testng.Assert.fail(Assert.java:82)\r\n\tat OrangeHRMTest.EmployeeLeaveProcessTest.orangeHRM_004_verifyAssignedLeave_aroundBody8(EmployeeLeaveProcessTest.java:73)\r\n\tat OrangeHRMTest.EmployeeLeaveProcessTest$AjcClosure9.run(EmployeeLeaveProcessTest.java:1)\r\n\tat org.aspectj.runtime.reflect.JoinPointImpl.proceed(JoinPointImpl.java:149)\r\n\tat io.qameta.allure.aspects.StepsAspects.step(StepsAspects.java:46)\r\n\tat OrangeHRMTest.EmployeeLeaveProcessTest.orangeHRM_004_verifyAssignedLeave(EmployeeLeaveProcessTest.java:68)\r\n\tat sun.reflect.NativeMethodAccessorImpl.invoke0(Native Method)\r\n\tat sun.reflect.NativeMethodAccessorImpl.invoke(NativeMethodAccessorImpl.java:62)\r\n\tat sun.reflect.DelegatingMethodAccessorImpl.invoke(DelegatingMethodAccessorImpl.java:43)\r\n\tat java.lang.reflect.Method.invoke(Method.java:498)\r\n\tat org.testng.internal.MethodInvocationHelper.invokeMethod(MethodInvocationHelper.java:108)\r\n\tat org.testng.internal.Invoker.invokeMethod(Invoker.java:661)\r\n\tat org.testng.internal.Invoker.invokeTestMethod(Invoker.java:869)\r\n\tat org.testng.internal.Invoker.invokeTestMethods(Invoker.java:1193)\r\n\tat org.testng.internal.TestMethodWorker.invokeTestMethods(TestMethodWorker.java:126)\r\n\tat org.testng.internal.TestMethodWorker.run(TestMethodWorker.java:109)\r\n\tat org.testng.TestRunner.privateRun(TestRunner.java:744)\r\n\tat org.testng.TestRunner.run(TestRunner.java:602)\r\n\tat org.testng.SuiteRunner.runTest(SuiteRunner.java:380)\r\n\tat org.testng.SuiteRunner.runSequentially(SuiteRunner.java:375)\r\n\tat org.testng.SuiteRunner.privateRun(SuiteRunner.java:340)\r\n\tat org.testng.SuiteRunner.run(SuiteRunner.java:289)\r\n\tat org.testng.SuiteRunnerWorker.runSuite(SuiteRunnerWorker.java:52)\r\n\tat org.testng.SuiteRunnerWorker.run(SuiteRunnerWorker.java:86)\r\n\tat org.testng.TestNG.runSuitesSequentially(TestNG.java:1301)\r\n\tat org.testng.TestNG.runSuitesLocally(TestNG.java:1226)\r\n\tat org.testng.TestNG.runSuites(TestNG.java:1144)\r\n\tat org.testng.TestNG.run(TestNG.java:1115)\r\n\tat com.intellij.rt.testng.IDEARemoteTestNG.run(IDEARemoteTestNG.java:66)\r\n\tat com.intellij.rt.testng.RemoteTestNGStarter.main(RemoteTestNGStarter.java:110)\r\nCaused by: java.lang.NullPointerException\r\n\tat java.util.Objects.requireNonNull(Objects.java:203)\r\n\tat org.openqa.selenium.interactions.Actions.<init>(Actions.java:66)\r\n\tat Utility.Utilities.ActionClassClick(Utilities.java:130)\r\n\tat OrangeHRMPages.EmployeeLeaveProcessPage.clickOnAssignButton(EmployeeLeaveProcessPage.java:422)\r\n\tat OrangeHRMTest.EmployeeLeaveProcessTest.orangeHRM_004_verifyAssignedLeave_aroundBody8(EmployeeLeaveProcessTest.java:68)\r\n\t... 28 more\r\n",
    "steps" : [ {
      "name" : "TestCase_004 - verify to Assigned Leave",
      "time" : {
        "start" : 1592403007978,
        "stop" : 1592403058982,
        "duration" : 51004
      },
      "status" : "failed",
      "statusMessage" : "User Could not enter all mandatory field in employee tab or verify validation message.",
      "statusTrace" : "java.lang.AssertionError: User Could not enter all mandatory field in employee tab or verify validation message.\r\n\tat org.testng.Assert.fail(Assert.java:82)\r\n\tat OrangeHRMTest.EmployeeLeaveProcessTest.orangeHRM_004_verifyAssignedLeave_aroundBody8(EmployeeLeaveProcessTest.java:73)\r\n\tat OrangeHRMTest.EmployeeLeaveProcessTest$AjcClosure9.run(EmployeeLeaveProcessTest.java:1)\r\n\tat org.aspectj.runtime.reflect.JoinPointImpl.proceed(JoinPointImpl.java:149)\r\n\tat io.qameta.allure.aspects.StepsAspects.step(StepsAspects.java:46)\r\n\tat OrangeHRMTest.EmployeeLeaveProcessTest.orangeHRM_004_verifyAssignedLeave(EmployeeLeaveProcessTest.java:68)\r\n\tat sun.reflect.NativeMethodAccessorImpl.invoke0(Native Method)\r\n\tat sun.reflect.NativeMethodAccessorImpl.invoke(NativeMethodAccessorImpl.java:62)\r\n\tat sun.reflect.DelegatingMethodAccessorImpl.invoke(DelegatingMethodAccessorImpl.java:43)\r\n\tat java.lang.reflect.Method.invoke(Method.java:498)\r\n\tat org.testng.internal.MethodInvocationHelper.invokeMethod(MethodInvocationHelper.java:108)\r\n\tat org.testng.internal.Invoker.invokeMethod(Invoker.java:661)\r\n\tat org.testng.internal.Invoker.invokeTestMethod(Invoker.java:869)\r\n\tat org.testng.internal.Invoker.invokeTestMethods(Invoker.java:1193)\r\n\tat org.testng.internal.TestMethodWorker.invokeTestMethods(TestMethodWorker.java:126)\r\n\tat org.testng.internal.TestMethodWorker.run(TestMethodWorker.java:109)\r\n\tat org.testng.TestRunner.privateRun(TestRunner.java:744)\r\n\tat org.testng.TestRunner.run(TestRunner.java:602)\r\n\tat org.testng.SuiteRunner.runTest(SuiteRunner.java:380)\r\n\tat org.testng.SuiteRunner.runSequentially(SuiteRunner.java:375)\r\n\tat org.testng.SuiteRunner.privateRun(SuiteRunner.java:340)\r\n\tat org.testng.SuiteRunner.run(SuiteRunner.java:289)\r\n\tat org.testng.SuiteRunnerWorker.runSuite(SuiteRunnerWorker.java:52)\r\n\tat org.testng.SuiteRunnerWorker.run(SuiteRunnerWorker.java:86)\r\n\tat org.testng.TestNG.runSuitesSequentially(TestNG.java:1301)\r\n\tat org.testng.TestNG.runSuitesLocally(TestNG.java:1226)\r\n\tat org.testng.TestNG.runSuites(TestNG.java:1144)\r\n\tat org.testng.TestNG.run(TestNG.java:1115)\r\n\tat com.intellij.rt.testng.IDEARemoteTestNG.run(IDEARemoteTestNG.java:66)\r\n\tat com.intellij.rt.testng.RemoteTestNGStarter.main(RemoteTestNGStarter.java:110)\r\nCaused by: java.lang.NullPointerException\r\n\tat java.util.Objects.requireNonNull(Objects.java:203)\r\n\tat org.openqa.selenium.interactions.Actions.<init>(Actions.java:66)\r\n\tat Utility.Utilities.ActionClassClick(Utilities.java:130)\r\n\tat OrangeHRMPages.EmployeeLeaveProcessPage.clickOnAssignButton(EmployeeLeaveProcessPage.java:422)\r\n\tat OrangeHRMTest.EmployeeLeaveProcessTest.orangeHRM_004_verifyAssignedLeave_aroundBody8(EmployeeLeaveProcessTest.java:68)\r\n\t... 28 more\r\n",
      "steps" : [ ],
      "attachments" : [ ],
      "parameters" : [ ],
      "hasContent" : true,
      "stepsCount" : 0,
      "attachmentsCount" : 0,
      "shouldDisplayMessage" : true
    } ],
    "attachments" : [ {
      "uid" : "e1b1c69043c64d42",
      "name" : "Page Screenshot",
      "source" : "e1b1c69043c64d42.png",
      "type" : "image/png",
      "size" : 90977
    } ],
    "parameters" : [ ],
    "hasContent" : true,
    "stepsCount" : 1,
    "attachmentsCount" : 1,
    "shouldDisplayMessage" : false
  },
  "afterStages" : [ ],
  "labels" : [ {
    "name" : "package",
    "value" : "OrangeHRMTest.EmployeeLeaveProcessTest"
  }, {
    "name" : "testClass",
    "value" : "OrangeHRMTest.EmployeeLeaveProcessTest"
  }, {
    "name" : "testMethod",
    "value" : "orangeHRM_004_verifyAssignedLeave"
  }, {
    "name" : "parentSuite",
    "value" : "Default Suite"
  }, {
    "name" : "suite",
    "value" : "orange-hrm"
  }, {
    "name" : "subSuite",
    "value" : "OrangeHRMTest.EmployeeLeaveProcessTest"
  }, {
    "name" : "host",
    "value" : "LAPTOP-VOJDR2PL"
  }, {
    "name" : "thread",
    "value" : "25892@LAPTOP-VOJDR2PL.main(1)"
  }, {
    "name" : "epic",
    "value" : "Regression Test Suite - Login Details"
  }, {
    "name" : "severity",
    "value" : "normal"
  }, {
    "name" : "resultFormat",
    "value" : "allure2"
  } ],
  "parameters" : [ ],
  "links" : [ ],
  "hidden" : false,
  "retry" : false,
  "extra" : {
    "severity" : "normal",
    "retries" : [ ],
    "categories" : [ {
      "name" : "Product defects",
      "matchedStatuses" : [ ],
      "flaky" : false
    } ],
    "tags" : [ ]
  },
  "source" : "aaeeb22bd64daae7.json",
  "parameterValues" : [ ]
}